<?xml version="1.0" encoding="UTF-8"?>
<testsuites name="only_login" time="86.513" tests="1" failures="0" errors="0">
   <testsuite name="only_login" tests="1" failures="0" errors="0" time="86.513" skipped="0" timestamp="07-02-2024T21:29:07" hostname="Devil - 192.168.1.3" id="Test Suites/only_login/only_login">
      <properties>
         <property name="deviceName" value=""/>
         <property name="devicePlatform" value=""/>
         <property name="logFolder" value="C:\\Users\\Devil\\git\\SI-GuidedProject-705690-1704903143\\Reports\\20240207_212822\\only_login\\only_login\\20240207_212850"/>
         <property name="logFiles" value="C:\\Users\\Devil\\git\\SI-GuidedProject-705690-1704903143\\Reports\\20240207_212822\\only_login\\only_login\\20240207_212850\\execution0.log"/>
         <property name="attachments" value=""/>
         <property name="hostName" value="Devil - 192.168.1.3"/>
         <property name="os" value="Windows 10 64bit"/>
         <property name="katalonVersion" value="9.3.0.212"/>
         <property name="browser" value="Chrome 121.0.0.0"/>
         <property name="hostAddress" value="192.168.1.3"/>
         <property name="sessionId" value="8ae4352645258d83c377c7ed097cd92c"/>
         <property name="seleniumVersion" value="3.141.59"/>
         <property name="proxyInformation" value="ProxyInformation { proxyOption=NO_PROXY, proxyServerType=HTTP, username=, password=********, proxyServerAddress=, proxyServerPort=0, executionList=&quot;&quot;, isApplyToDesiredCapabilities=true }"/>
         <property name="platform" value="Windows 10"/>
      </properties>
      <testcase name="Test Cases/login/login_normal002" time="85.378" classname="Test Cases/login/login_normal002" status="PASSED">
         <system-out><![CDATA[07-02-2024T21:29:08 - [TEST_CASE][PASSED] - Test Cases/login/login_normal002: Test Cases/login/login_normal002

07-02-2024T21:29:08 - [TEST_STEP][PASSED] - Start listener action : sampleBeforeTestCase: Navigate to 'https://www.amazon.in/' successfully

07-02-2024T21:29:08 - [TEST_STEP][PASSED] - openBrowser(""): Browser is opened with url: ''

07-02-2024T21:29:09 - [MESSAGE][INFO] - Starting 'Chrome' driver

07-02-2024T21:29:09 - [MESSAGE][INFO] - Action delay is set to 0 milliseconds

07-02-2024T21:29:26 - [MESSAGE][PASSED] - Browser is opened with url: ''

07-02-2024T21:29:26 - [TEST_STEP][PASSED] - navigateToUrl("https://www.amazon.in/"): Navigate to 'https://www.amazon.in/' successfully

07-02-2024T21:29:34 - [MESSAGE][PASSED] - Navigate to 'https://www.amazon.in/' successfully

07-02-2024T21:29:35 - [TEST_STEP][PASSED] - openBrowser(""): Browser is opened with url: ''

07-02-2024T21:29:35 - [MESSAGE][WARNING] - A browser is already opened. Closing browser and opening a new one

07-02-2024T21:29:36 - [MESSAGE][INFO] - Starting 'Chrome' driver

07-02-2024T21:29:36 - [MESSAGE][INFO] - Action delay is set to 0 milliseconds

07-02-2024T21:29:38 - [MESSAGE][PASSED] - Browser is opened with url: ''

07-02-2024T21:29:38 - [TEST_STEP][PASSED] - navigateToUrl("https://www.amazon.in/"): Navigate to 'https://www.amazon.in/' successfully

07-02-2024T21:29:44 - [MESSAGE][PASSED] - Navigate to 'https://www.amazon.in/' successfully

07-02-2024T21:29:44 - [TEST_STEP][PASSED] - click(findTestObject("Object Repository/login/login_normal002/Page_Online Shopping site in India Shop Onl_10c5f3/i_hm-icon nav-sprite")): Object: 'Object Repository/login/login_normal002/Page_Online Shopping site in India Shop Onl_10c5f3/i_hm-icon nav-sprite' is clicked on

07-02-2024T21:30:05 - [MESSAGE][PASSED] - Object: 'Object Repository/login/login_normal002/Page_Online Shopping site in India Shop Onl_10c5f3/i_hm-icon nav-sprite' is clicked on

07-02-2024T21:30:05 - [TEST_STEP][PASSED] - click(findTestObject("Object Repository/login/login_normal002/Page_Online Shopping site in India Shop Onl_10c5f3/b_Hello, sign in")): Object: 'Object Repository/login/login_normal002/Page_Online Shopping site in India Shop Onl_10c5f3/b_Hello, sign in' is clicked on

07-02-2024T21:30:10 - [MESSAGE][PASSED] - Object: 'Object Repository/login/login_normal002/Page_Online Shopping site in India Shop Onl_10c5f3/b_Hello, sign in' is clicked on

07-02-2024T21:30:10 - [TEST_STEP][PASSED] - setText(findTestObject("Object Repository/login/login_normal002/Page_Amazon Sign In/input_email"), "7779970102"): Text '7779970102' is set on object 'Object Repository/login/login_normal002/Page_Amazon Sign In/input_email'

07-02-2024T21:30:13 - [MESSAGE][PASSED] - Text '7779970102' is set on object 'Object Repository/login/login_normal002/Page_Amazon Sign In/input_email'

07-02-2024T21:30:13 - [TEST_STEP][PASSED] - click(findTestObject("Object Repository/login/login_normal002/Page_Amazon Sign In/inputcontinue")): Object: 'Object Repository/login/login_normal002/Page_Amazon Sign In/inputcontinue' is clicked on

07-02-2024T21:30:15 - [MESSAGE][PASSED] - Object: 'Object Repository/login/login_normal002/Page_Amazon Sign In/inputcontinue' is clicked on

07-02-2024T21:30:15 - [TEST_STEP][PASSED] - setEncryptedText(findTestObject("Object Repository/login/login_normal002/Page_Amazon Sign In/input_password"), "eSPcD+aU0jcqZChrJx5wLA=="): Text ****** has been set on object 'Object Repository/login/login_normal002/Page_Amazon Sign In/input_password'

07-02-2024T21:30:16 - [MESSAGE][PASSED] - Text ****** has been set on object 'Object Repository/login/login_normal002/Page_Amazon Sign In/input_password'

07-02-2024T21:30:16 - [TEST_STEP][PASSED] - click(findTestObject("Object Repository/login/login_normal002/Page_Amazon Sign In/inputsignInSubmit")): Object: 'Object Repository/login/login_normal002/Page_Amazon Sign In/inputsignInSubmit' is clicked on

07-02-2024T21:30:25 - [MESSAGE][PASSED] - Object: 'Object Repository/login/login_normal002/Page_Amazon Sign In/inputsignInSubmit' is clicked on

07-02-2024T21:30:25 - [TEST_STEP][PASSED] - click(findTestObject("Object Repository/login/login_normal002/Page_Online Shopping site in India Shop Onl_10c5f3/i_hm-icon nav-sprite")): Object: 'Object Repository/login/login_normal002/Page_Online Shopping site in India Shop Onl_10c5f3/i_hm-icon nav-sprite' is clicked on

07-02-2024T21:30:27 - [MESSAGE][PASSED] - Object: 'Object Repository/login/login_normal002/Page_Online Shopping site in India Shop Onl_10c5f3/i_hm-icon nav-sprite' is clicked on

07-02-2024T21:30:27 - [TEST_STEP][PASSED] - click(findTestObject("Object Repository/login/login_normal002/Page_Online Shopping site in India Shop Onl_10c5f3/div_Help  Settings")): Object: 'Object Repository/login/login_normal002/Page_Online Shopping site in India Shop Onl_10c5f3/div_Help  Settings' is clicked on

07-02-2024T21:30:29 - [MESSAGE][PASSED] - Object: 'Object Repository/login/login_normal002/Page_Online Shopping site in India Shop Onl_10c5f3/div_Help  Settings' is clicked on

07-02-2024T21:30:29 - [TEST_STEP][PASSED] - verifyElementText(findTestObject("Object Repository/login/login_normal002/Page_Online Shopping site in India Shop Onl_10c5f3/div_Help  Settings"), "Help & Settings"): Actual text and expected text of test object 'Object Repository/login/login_normal002/Page_Online Shopping site in India Shop Onl_10c5f3/div_Help  Settings' are matched.

07-02-2024T21:30:30 - [MESSAGE][PASSED] - Actual text and expected text of test object 'Object Repository/login/login_normal002/Page_Online Shopping site in India Shop Onl_10c5f3/div_Help  Settings' are matched.

07-02-2024T21:30:30 - [TEST_STEP][PASSED] - click(findTestObject("Object Repository/login/login_normal002/Page_Online Shopping site in India Shop Onl_10c5f3/a_Sign Out")): Object: 'Object Repository/login/login_normal002/Page_Online Shopping site in India Shop Onl_10c5f3/a_Sign Out' is clicked on

07-02-2024T21:30:33 - [MESSAGE][PASSED] - Object: 'Object Repository/login/login_normal002/Page_Online Shopping site in India Shop Onl_10c5f3/a_Sign Out' is clicked on

07-02-2024T21:30:33 - [TEST_STEP][PASSED] - closeBrowser(): Browser is closed

07-02-2024T21:30:33 - [MESSAGE][PASSED] - Browser is closed

07-02-2024T21:30:33 - [TEST_STEP][PASSED] - Start listener action : sampleAfterTestCase: Browser is closed

07-02-2024T21:30:33 - [TEST_STEP][PASSED] - closeBrowser(): Browser is closed

07-02-2024T21:30:33 - [MESSAGE][PASSED] - Browser is closed]]></system-out>
         <system-err><![CDATA[]]></system-err>
      </testcase>
      <system-out><![CDATA[07-02-2024T21:29:07 - [TEST_SUITE][PASSED] - only_login: Test Cases/login/login_normal002]]></system-out>
      <system-err><![CDATA[]]></system-err>
   </testsuite>
</testsuites>
