<?xml version="1.0" encoding="UTF-8"?>
<testsuites name="account_creation_errors" time="199.829" tests="4" failures="0" errors="0">
   <testsuite name="account_creation_errors" tests="4" failures="0" errors="0" time="199.829" skipped="0" timestamp="06-02-2024T19:47:43" hostname="Devil - LAPTOP-V2P5S4MK.mshome.net" id="Test Suites/account_creation_errors/account_creation_errors">
      <properties>
         <property name="deviceName" value=""/>
         <property name="devicePlatform" value=""/>
         <property name="logFolder" value="C:\\Users\\Devil\\git\\SI-GuidedProject-705690-1704903143\\Reports\\20240206_194734\\account_creation_errors\\account_creation_errors\\20240206_194734"/>
         <property name="logFiles" value="C:\\Users\\Devil\\git\\SI-GuidedProject-705690-1704903143\\Reports\\20240206_194734\\account_creation_errors\\account_creation_errors\\20240206_194734\\execution0.log"/>
         <property name="attachments" value=""/>
         <property name="hostName" value="Devil - LAPTOP-V2P5S4MK.mshome.net"/>
         <property name="os" value="Windows 10 64bit"/>
         <property name="katalonVersion" value="9.2.0.212"/>
         <property name="browser" value="Chrome 121.0.0.0"/>
         <property name="hostAddress" value="192.168.137.1"/>
         <property name="sessionId" value="01b27fa3a08f41894e77b895f21cb13c"/>
         <property name="seleniumVersion" value="3.141.59"/>
         <property name="proxyInformation" value="ProxyInformation { proxyOption=NO_PROXY, proxyServerType=HTTP, username=, password=********, proxyServerAddress=, proxyServerPort=0, executionList=&quot;&quot;, isApplyToDesiredCapabilities=true }"/>
         <property name="platform" value="Windows 10"/>
      </properties>
      <testcase name="Test Cases/account_creation/invalid_name" time="51.654" classname="Test Cases/account_creation/invalid_name" status="PASSED">
         <system-out><![CDATA[06-02-2024T19:47:44 - [TEST_CASE][PASSED] - Test Cases/account_creation/invalid_name: Test Cases/account_creation/invalid_name

06-02-2024T19:47:44 - [TEST_STEP][PASSED] - openBrowser(""): Browser is opened with url: ''

06-02-2024T19:47:45 - [MESSAGE][INFO] - Starting 'Chrome' driver

06-02-2024T19:47:45 - [MESSAGE][INFO] - Action delay is set to 0 milliseconds

06-02-2024T19:48:11 - [MESSAGE][PASSED] - Browser is opened with url: ''

06-02-2024T19:48:11 - [TEST_STEP][PASSED] - navigateToUrl("https://www.amazon.in/"): Navigate to 'https://www.amazon.in/' successfully

06-02-2024T19:48:21 - [MESSAGE][PASSED] - Navigate to 'https://www.amazon.in/' successfully

06-02-2024T19:48:21 - [TEST_STEP][PASSED] - click(findTestObject("Object Repository/account_creation/invalid_name/Page_Online Shopping site in India Shop Onl_10c5f3/i_hm-icon nav-sprite")): Object: 'Object Repository/account_creation/invalid_name/Page_Online Shopping site in India Shop Onl_10c5f3/i_hm-icon nav-sprite' is clicked on

06-02-2024T19:48:26 - [MESSAGE][PASSED] - Object: 'Object Repository/account_creation/invalid_name/Page_Online Shopping site in India Shop Onl_10c5f3/i_hm-icon nav-sprite' is clicked on

06-02-2024T19:48:26 - [TEST_STEP][PASSED] - click(findTestObject("Object Repository/account_creation/invalid_name/Page_Online Shopping site in India Shop Onl_10c5f3/div_Help  Settings")): Object: 'Object Repository/account_creation/invalid_name/Page_Online Shopping site in India Shop Onl_10c5f3/div_Help  Settings' is clicked on

06-02-2024T19:48:27 - [MESSAGE][PASSED] - Object: 'Object Repository/account_creation/invalid_name/Page_Online Shopping site in India Shop Onl_10c5f3/div_Help  Settings' is clicked on

06-02-2024T19:48:27 - [TEST_STEP][PASSED] - verifyElementText(findTestObject("Object Repository/account_creation/invalid_name/Page_Online Shopping site in India Shop Onl_10c5f3/div_Help  Settings"), "Help & Settings"): Actual text and expected text of test object 'Object Repository/account_creation/invalid_name/Page_Online Shopping site in India Shop Onl_10c5f3/div_Help  Settings' are matched.

06-02-2024T19:48:28 - [MESSAGE][PASSED] - Actual text and expected text of test object 'Object Repository/account_creation/invalid_name/Page_Online Shopping site in India Shop Onl_10c5f3/div_Help  Settings' are matched.

06-02-2024T19:48:28 - [TEST_STEP][PASSED] - click(findTestObject("Object Repository/account_creation/invalid_name/Page_Online Shopping site in India Shop Onl_10c5f3/a_Sign in")): Object: 'Object Repository/account_creation/invalid_name/Page_Online Shopping site in India Shop Onl_10c5f3/a_Sign in' is clicked on

06-02-2024T19:48:30 - [MESSAGE][PASSED] - Object: 'Object Repository/account_creation/invalid_name/Page_Online Shopping site in India Shop Onl_10c5f3/a_Sign in' is clicked on

06-02-2024T19:48:30 - [TEST_STEP][PASSED] - click(findTestObject("Object Repository/account_creation/invalid_name/Page_Amazon Sign In/h5_New to Amazon")): Object: 'Object Repository/account_creation/invalid_name/Page_Amazon Sign In/h5_New to Amazon' is clicked on

06-02-2024T19:48:31 - [MESSAGE][PASSED] - Object: 'Object Repository/account_creation/invalid_name/Page_Amazon Sign In/h5_New to Amazon' is clicked on

06-02-2024T19:48:31 - [TEST_STEP][PASSED] - verifyElementText(findTestObject("Object Repository/account_creation/invalid_name/Page_Amazon Sign In/h5_New to Amazon"), "New to Amazon?"): Actual text and expected text of test object 'Object Repository/account_creation/invalid_name/Page_Amazon Sign In/h5_New to Amazon' are matched.

06-02-2024T19:48:31 - [MESSAGE][PASSED] - Actual text and expected text of test object 'Object Repository/account_creation/invalid_name/Page_Amazon Sign In/h5_New to Amazon' are matched.

06-02-2024T19:48:31 - [TEST_STEP][PASSED] - click(findTestObject("Object Repository/account_creation/invalid_name/Page_Amazon Sign In/a_Create your Amazon account")): Object: 'Object Repository/account_creation/invalid_name/Page_Amazon Sign In/a_Create your Amazon account' is clicked on

06-02-2024T19:48:32 - [MESSAGE][PASSED] - Object: 'Object Repository/account_creation/invalid_name/Page_Amazon Sign In/a_Create your Amazon account' is clicked on

06-02-2024T19:48:32 - [TEST_STEP][PASSED] - setText(findTestObject("Object Repository/account_creation/invalid_name/Page_Amazon Registration/input_email"), "7779970102"): Text '7779970102' is set on object 'Object Repository/account_creation/invalid_name/Page_Amazon Registration/input_email'

06-02-2024T19:48:33 - [MESSAGE][PASSED] - Text '7779970102' is set on object 'Object Repository/account_creation/invalid_name/Page_Amazon Registration/input_email'

06-02-2024T19:48:33 - [TEST_STEP][PASSED] - setEncryptedText(findTestObject("Object Repository/account_creation/invalid_name/Page_Amazon Registration/input_password"), "MFyDUS+SCPQ="): Text ****** has been set on object 'Object Repository/account_creation/invalid_name/Page_Amazon Registration/input_password'

06-02-2024T19:48:34 - [MESSAGE][PASSED] - Text ****** has been set on object 'Object Repository/account_creation/invalid_name/Page_Amazon Registration/input_password'

06-02-2024T19:48:34 - [TEST_STEP][PASSED] - click(findTestObject("Object Repository/account_creation/invalid_name/Page_Amazon Registration/inputcontinue")): Object: 'Object Repository/account_creation/invalid_name/Page_Amazon Registration/inputcontinue' is clicked on

06-02-2024T19:48:35 - [MESSAGE][PASSED] - Object: 'Object Repository/account_creation/invalid_name/Page_Amazon Registration/inputcontinue' is clicked on

06-02-2024T19:48:35 - [TEST_STEP][PASSED] - closeBrowser(): Browser is closed

06-02-2024T19:48:35 - [MESSAGE][PASSED] - Browser is closed]]></system-out>
         <system-err><![CDATA[]]></system-err>
      </testcase>
      <testcase name="Test Cases/account_creation/invalid_phone_number" time="16.03" classname="Test Cases/account_creation/invalid_phone_number" status="PASSED">
         <system-out><![CDATA[06-02-2024T19:48:35 - [TEST_CASE][PASSED] - Test Cases/account_creation/invalid_phone_number: Test Cases/account_creation/invalid_phone_number

06-02-2024T19:48:36 - [TEST_STEP][PASSED] - openBrowser(""): Browser is opened with url: ''

06-02-2024T19:48:36 - [MESSAGE][INFO] - Starting 'Chrome' driver

06-02-2024T19:48:36 - [MESSAGE][INFO] - Action delay is set to 0 milliseconds

06-02-2024T19:48:37 - [MESSAGE][PASSED] - Browser is opened with url: ''

06-02-2024T19:48:37 - [TEST_STEP][PASSED] - navigateToUrl("https://www.amazon.in/"): Navigate to 'https://www.amazon.in/' successfully

06-02-2024T19:48:44 - [MESSAGE][PASSED] - Navigate to 'https://www.amazon.in/' successfully

06-02-2024T19:48:44 - [TEST_STEP][PASSED] - click(findTestObject("Object Repository/account_creation/invalid_phone_number/Page_Online Shopping site in India Shop Onl_10c5f3/a_Start here")): Object: 'Object Repository/account_creation/invalid_phone_number/Page_Online Shopping site in India Shop Onl_10c5f3/a_Start here' is clicked on

06-02-2024T19:48:47 - [MESSAGE][PASSED] - Object: 'Object Repository/account_creation/invalid_phone_number/Page_Online Shopping site in India Shop Onl_10c5f3/a_Start here' is clicked on

06-02-2024T19:48:47 - [TEST_STEP][PASSED] - setText(findTestObject("Object Repository/account_creation/invalid_phone_number/Page_Amazon Registration/input_customerName"), "h h"): Text 'h h' is set on object 'Object Repository/account_creation/invalid_phone_number/Page_Amazon Registration/input_customerName'

06-02-2024T19:48:49 - [MESSAGE][PASSED] - Text 'h h' is set on object 'Object Repository/account_creation/invalid_phone_number/Page_Amazon Registration/input_customerName'

06-02-2024T19:48:49 - [TEST_STEP][PASSED] - setText(findTestObject("Object Repository/account_creation/invalid_phone_number/Page_Amazon Registration/input_email"), "0000000000"): Text '0000000000' is set on object 'Object Repository/account_creation/invalid_phone_number/Page_Amazon Registration/input_email'

06-02-2024T19:48:49 - [MESSAGE][PASSED] - Text '0000000000' is set on object 'Object Repository/account_creation/invalid_phone_number/Page_Amazon Registration/input_email'

06-02-2024T19:48:49 - [TEST_STEP][PASSED] - setEncryptedText(findTestObject("Object Repository/account_creation/invalid_phone_number/Page_Amazon Registration/input_password"), "qXOhtTXZ4k1zJv9BiaSJhQ=="): Text ****** has been set on object 'Object Repository/account_creation/invalid_phone_number/Page_Amazon Registration/input_password'

06-02-2024T19:48:50 - [MESSAGE][PASSED] - Text ****** has been set on object 'Object Repository/account_creation/invalid_phone_number/Page_Amazon Registration/input_password'

06-02-2024T19:48:50 - [TEST_STEP][PASSED] - click(findTestObject("Object Repository/account_creation/invalid_phone_number/Page_Amazon Registration/inputcontinue")): Object: 'Object Repository/account_creation/invalid_phone_number/Page_Amazon Registration/inputcontinue' is clicked on

06-02-2024T19:48:51 - [MESSAGE][PASSED] - Object: 'Object Repository/account_creation/invalid_phone_number/Page_Amazon Registration/inputcontinue' is clicked on

06-02-2024T19:48:51 - [TEST_STEP][PASSED] - closeBrowser(): Browser is closed

06-02-2024T19:48:51 - [MESSAGE][PASSED] - Browser is closed]]></system-out>
         <system-err><![CDATA[]]></system-err>
      </testcase>
      <testcase name="Test Cases/account_creation/no_password" time="81.031" classname="Test Cases/account_creation/no_password" status="PASSED">
         <system-out><![CDATA[06-02-2024T19:48:51 - [TEST_CASE][PASSED] - Test Cases/account_creation/no_password: Test Cases/account_creation/no_password

06-02-2024T19:48:52 - [TEST_STEP][PASSED] - openBrowser(""): Browser is opened with url: ''

06-02-2024T19:48:52 - [MESSAGE][INFO] - Starting 'Chrome' driver

06-02-2024T19:48:52 - [MESSAGE][INFO] - Action delay is set to 0 milliseconds

06-02-2024T19:48:53 - [MESSAGE][PASSED] - Browser is opened with url: ''

06-02-2024T19:48:53 - [TEST_STEP][PASSED] - navigateToUrl("https://www.amazon.in/"): Navigate to 'https://www.amazon.in/' successfully

06-02-2024T19:49:00 - [MESSAGE][PASSED] - Navigate to 'https://www.amazon.in/' successfully

06-02-2024T19:49:00 - [TEST_STEP][PASSED] - click(findTestObject("Object Repository/account_creation/no_password/Page_Online Shopping site in India Shop Onl_10c5f3/i_hm-icon nav-sprite")): Object: 'Object Repository/account_creation/no_password/Page_Online Shopping site in India Shop Onl_10c5f3/i_hm-icon nav-sprite' is clicked on

06-02-2024T19:49:02 - [MESSAGE][PASSED] - Object: 'Object Repository/account_creation/no_password/Page_Online Shopping site in India Shop Onl_10c5f3/i_hm-icon nav-sprite' is clicked on

06-02-2024T19:49:02 - [TEST_STEP][PASSED] - click(findTestObject("Object Repository/account_creation/no_password/Page_Online Shopping site in India Shop Onl_10c5f3/div_Help  Settings")): Object: 'Object Repository/account_creation/no_password/Page_Online Shopping site in India Shop Onl_10c5f3/div_Help  Settings' is clicked on

06-02-2024T19:49:33 - [MESSAGE][INFO] - Unable to find the element located by 'By.xpath: //div[@id='hmenu-content']/ul/li[29]/div'. Please recheck the objects properties to make sure the desired element is located. 

06-02-2024T19:49:33 - [MESSAGE][WARNING] - [SELF-HEALING] Failed to find element with id 'Object Repository/account_creation/no_password/Page_Online Shopping site in India Shop Onl_10c5f3/div_Help  Settings'. Try using Self-healing.

06-02-2024T19:49:33 - [MESSAGE][INFO] - [SELF-HEALING] Failed Locator: '//div[@id='hmenu-content']/ul/li[29]/div'.

06-02-2024T19:49:33 - [MESSAGE][INFO] - [SELF-HEALING] Failed Locator: '//li[29]/div'.

06-02-2024T19:49:34 - [MESSAGE][INFO] - [SELF-HEALING] Working Locator: '//div[(text() = 'Help & Settings' or . = 'Help & Settings')]'.

06-02-2024T19:49:34 - [MESSAGE][INFO] - [SELF-HEALING] Screenshot: C:/Users/Devil/git/SI-GuidedProject-705690-1704903143/Reports/Self-healing/Object Repository/account_creation/no_password/Page_Online Shopping site in India Shop Onl_10c5f3/div_Help  Settings_customAttributes.png

06-02-2024T19:49:34 - [MESSAGE][WARNING] - [SELF-HEALING] The current locator of test object 'Object Repository/account_creation/no_password/Page_Online Shopping site in India Shop Onl_10c5f3/div_Help  Settings' was broken. Propose an alternative one: '//div[(text() = 'Help & Settings' or . = 'Help & Settings')]'.

06-02-2024T19:49:35 - [MESSAGE][PASSED] - Object: 'Object Repository/account_creation/no_password/Page_Online Shopping site in India Shop Onl_10c5f3/div_Help  Settings' is clicked on

06-02-2024T19:49:35 - [TEST_STEP][PASSED] - verifyElementText(findTestObject("Object Repository/account_creation/no_password/Page_Online Shopping site in India Shop Onl_10c5f3/div_Help  Settings"), "Help & Settings"): Actual text and expected text of test object 'Object Repository/account_creation/no_password/Page_Online Shopping site in India Shop Onl_10c5f3/div_Help  Settings' are matched.

06-02-2024T19:50:06 - [MESSAGE][INFO] - Unable to find the element located by 'By.xpath: //div[@id='hmenu-content']/ul/li[29]/div'. Please recheck the objects properties to make sure the desired element is located. 

06-02-2024T19:50:06 - [MESSAGE][WARNING] - [SELF-HEALING] Failed to find element with id 'Object Repository/account_creation/no_password/Page_Online Shopping site in India Shop Onl_10c5f3/div_Help  Settings'. Try using Self-healing.

06-02-2024T19:50:06 - [MESSAGE][WARNING] - [SELF-HEALING] The current locator of test object 'Object Repository/account_creation/no_password/Page_Online Shopping site in India Shop Onl_10c5f3/div_Help  Settings' was broken. Propose an alternative one: '//div[(text() = 'Help & Settings' or . = 'Help & Settings')]'.

06-02-2024T19:50:06 - [MESSAGE][PASSED] - Actual text and expected text of test object 'Object Repository/account_creation/no_password/Page_Online Shopping site in India Shop Onl_10c5f3/div_Help  Settings' are matched.

06-02-2024T19:50:06 - [TEST_STEP][PASSED] - click(findTestObject("Object Repository/account_creation/no_password/Page_Online Shopping site in India Shop Onl_10c5f3/a_Sign in")): Object: 'Object Repository/account_creation/no_password/Page_Online Shopping site in India Shop Onl_10c5f3/a_Sign in' is clicked on

06-02-2024T19:50:08 - [MESSAGE][PASSED] - Object: 'Object Repository/account_creation/no_password/Page_Online Shopping site in India Shop Onl_10c5f3/a_Sign in' is clicked on

06-02-2024T19:50:08 - [TEST_STEP][PASSED] - click(findTestObject("Object Repository/account_creation/no_password/Page_Amazon Sign In/h5_New to Amazon")): Object: 'Object Repository/account_creation/no_password/Page_Amazon Sign In/h5_New to Amazon' is clicked on

06-02-2024T19:50:09 - [MESSAGE][PASSED] - Object: 'Object Repository/account_creation/no_password/Page_Amazon Sign In/h5_New to Amazon' is clicked on

06-02-2024T19:50:09 - [TEST_STEP][PASSED] - verifyElementText(findTestObject("Object Repository/account_creation/no_password/Page_Amazon Sign In/h5_New to Amazon"), "New to Amazon?"): Actual text and expected text of test object 'Object Repository/account_creation/no_password/Page_Amazon Sign In/h5_New to Amazon' are matched.

06-02-2024T19:50:09 - [MESSAGE][PASSED] - Actual text and expected text of test object 'Object Repository/account_creation/no_password/Page_Amazon Sign In/h5_New to Amazon' are matched.

06-02-2024T19:50:09 - [TEST_STEP][PASSED] - click(findTestObject("Object Repository/account_creation/no_password/Page_Amazon Sign In/a_Create your Amazon account")): Object: 'Object Repository/account_creation/no_password/Page_Amazon Sign In/a_Create your Amazon account' is clicked on

06-02-2024T19:50:10 - [MESSAGE][PASSED] - Object: 'Object Repository/account_creation/no_password/Page_Amazon Sign In/a_Create your Amazon account' is clicked on

06-02-2024T19:50:10 - [TEST_STEP][PASSED] - setText(findTestObject("Object Repository/account_creation/no_password/Page_Amazon Registration/input_customerName"), "H"): Text 'H' is set on object 'Object Repository/account_creation/no_password/Page_Amazon Registration/input_customerName'

06-02-2024T19:50:11 - [MESSAGE][PASSED] - Text 'H' is set on object 'Object Repository/account_creation/no_password/Page_Amazon Registration/input_customerName'

06-02-2024T19:50:11 - [TEST_STEP][PASSED] - setText(findTestObject("Object Repository/account_creation/no_password/Page_Amazon Registration/input_email"), "7779970102"): Text '7779970102' is set on object 'Object Repository/account_creation/no_password/Page_Amazon Registration/input_email'

06-02-2024T19:50:12 - [MESSAGE][PASSED] - Text '7779970102' is set on object 'Object Repository/account_creation/no_password/Page_Amazon Registration/input_email'

06-02-2024T19:50:12 - [TEST_STEP][PASSED] - click(findTestObject("Object Repository/account_creation/no_password/Page_Amazon Registration/inputcontinue")): Object: 'Object Repository/account_creation/no_password/Page_Amazon Registration/inputcontinue' is clicked on

06-02-2024T19:50:12 - [MESSAGE][PASSED] - Object: 'Object Repository/account_creation/no_password/Page_Amazon Registration/inputcontinue' is clicked on

06-02-2024T19:50:12 - [TEST_STEP][PASSED] - closeBrowser(): Browser is closed

06-02-2024T19:50:12 - [MESSAGE][PASSED] - Browser is closed]]></system-out>
         <system-err><![CDATA[]]></system-err>
      </testcase>
      <testcase name="Test Cases/account_creation/phone_number_exists001" time="50.828" classname="Test Cases/account_creation/phone_number_exists001" status="PASSED">
         <system-out><![CDATA[06-02-2024T19:50:12 - [TEST_CASE][PASSED] - Test Cases/account_creation/phone_number_exists001: Test Cases/account_creation/phone_number_exists001

06-02-2024T19:50:13 - [TEST_STEP][PASSED] - openBrowser(""): Browser is opened with url: ''

06-02-2024T19:50:13 - [MESSAGE][INFO] - Starting 'Chrome' driver

06-02-2024T19:50:13 - [MESSAGE][INFO] - Action delay is set to 0 milliseconds

06-02-2024T19:50:14 - [MESSAGE][PASSED] - Browser is opened with url: ''

06-02-2024T19:50:14 - [TEST_STEP][PASSED] - navigateToUrl("https://www.amazon.in/"): Navigate to 'https://www.amazon.in/' successfully

06-02-2024T19:50:19 - [MESSAGE][PASSED] - Navigate to 'https://www.amazon.in/' successfully

06-02-2024T19:50:19 - [TEST_STEP][PASSED] - click(findTestObject("Object Repository/account_creation/phone_number_exists001/Page_Online Shopping site in India Shop Onl_10c5f3/i_hm-icon nav-sprite")): Object: 'Object Repository/account_creation/phone_number_exists001/Page_Online Shopping site in India Shop Onl_10c5f3/i_hm-icon nav-sprite' is clicked on

06-02-2024T19:50:20 - [MESSAGE][PASSED] - Object: 'Object Repository/account_creation/phone_number_exists001/Page_Online Shopping site in India Shop Onl_10c5f3/i_hm-icon nav-sprite' is clicked on

06-02-2024T19:50:20 - [TEST_STEP][PASSED] - click(findTestObject("Object Repository/account_creation/phone_number_exists001/Page_Online Shopping site in India Shop Onl_10c5f3/b_Hello, sign in")): Object: 'Object Repository/account_creation/phone_number_exists001/Page_Online Shopping site in India Shop Onl_10c5f3/b_Hello, sign in' is clicked on

06-02-2024T19:50:22 - [MESSAGE][PASSED] - Object: 'Object Repository/account_creation/phone_number_exists001/Page_Online Shopping site in India Shop Onl_10c5f3/b_Hello, sign in' is clicked on

06-02-2024T19:50:22 - [TEST_STEP][PASSED] - click(findTestObject("Object Repository/account_creation/phone_number_exists001/Page_Amazon Sign In/h5_New to Amazon")): Object: 'Object Repository/account_creation/phone_number_exists001/Page_Amazon Sign In/h5_New to Amazon' is clicked on

06-02-2024T19:50:24 - [MESSAGE][PASSED] - Object: 'Object Repository/account_creation/phone_number_exists001/Page_Amazon Sign In/h5_New to Amazon' is clicked on

06-02-2024T19:50:24 - [TEST_STEP][PASSED] - verifyElementText(findTestObject("Object Repository/account_creation/phone_number_exists001/Page_Amazon Sign In/h5_New to Amazon"), "New to Amazon?"): Actual text and expected text of test object 'Object Repository/account_creation/phone_number_exists001/Page_Amazon Sign In/h5_New to Amazon' are matched.

06-02-2024T19:50:24 - [MESSAGE][PASSED] - Actual text and expected text of test object 'Object Repository/account_creation/phone_number_exists001/Page_Amazon Sign In/h5_New to Amazon' are matched.

06-02-2024T19:50:24 - [TEST_STEP][PASSED] - click(findTestObject("Object Repository/account_creation/phone_number_exists001/Page_Amazon Sign In/a_Create your Amazon account")): Object: 'Object Repository/account_creation/phone_number_exists001/Page_Amazon Sign In/a_Create your Amazon account' is clicked on

06-02-2024T19:50:25 - [MESSAGE][PASSED] - Object: 'Object Repository/account_creation/phone_number_exists001/Page_Amazon Sign In/a_Create your Amazon account' is clicked on

06-02-2024T19:50:25 - [TEST_STEP][PASSED] - setText(findTestObject("Object Repository/account_creation/phone_number_exists001/Page_Amazon Registration/input_customerName"), "H"): Text 'H' is set on object 'Object Repository/account_creation/phone_number_exists001/Page_Amazon Registration/input_customerName'

06-02-2024T19:50:26 - [MESSAGE][PASSED] - Text 'H' is set on object 'Object Repository/account_creation/phone_number_exists001/Page_Amazon Registration/input_customerName'

06-02-2024T19:50:26 - [TEST_STEP][PASSED] - setText(findTestObject("Object Repository/account_creation/phone_number_exists001/Page_Amazon Registration/input_email"), "7779970102"): Text '7779970102' is set on object 'Object Repository/account_creation/phone_number_exists001/Page_Amazon Registration/input_email'

06-02-2024T19:50:27 - [MESSAGE][PASSED] - Text '7779970102' is set on object 'Object Repository/account_creation/phone_number_exists001/Page_Amazon Registration/input_email'

06-02-2024T19:50:27 - [TEST_STEP][PASSED] - setEncryptedText(findTestObject("Object Repository/account_creation/phone_number_exists001/Page_Amazon Registration/input_password"), "MFyDUS+SCPQ="): Text ****** has been set on object 'Object Repository/account_creation/phone_number_exists001/Page_Amazon Registration/input_password'

06-02-2024T19:50:27 - [MESSAGE][PASSED] - Text ****** has been set on object 'Object Repository/account_creation/phone_number_exists001/Page_Amazon Registration/input_password'

06-02-2024T19:50:27 - [TEST_STEP][PASSED] - click(findTestObject("Object Repository/account_creation/phone_number_exists001/Page_Amazon Registration/inputcontinue")): Object: 'Object Repository/account_creation/phone_number_exists001/Page_Amazon Registration/inputcontinue' is clicked on

06-02-2024T19:50:28 - [MESSAGE][PASSED] - Object: 'Object Repository/account_creation/phone_number_exists001/Page_Amazon Registration/inputcontinue' is clicked on

06-02-2024T19:50:28 - [TEST_STEP][PASSED] - click(findTestObject("Object Repository/account_creation/phone_number_exists001/Page_/div_Mobile number already in use          Y_bd9461")): Object: 'Object Repository/account_creation/phone_number_exists001/Page_/div_Mobile number already in use          Y_bd9461' is clicked on

06-02-2024T19:51:00 - [MESSAGE][INFO] - Unable to find the element located by 'By.xpath: //div[@id='authportal-main-section']/div[2]/div/div/div/div'. Please recheck the objects properties to make sure the desired element is located. 

06-02-2024T19:51:00 - [MESSAGE][WARNING] - [SELF-HEALING] Failed to find element with id 'Object Repository/account_creation/phone_number_exists001/Page_/div_Mobile number already in use          Y_bd9461'. Try using Self-healing.

06-02-2024T19:51:00 - [MESSAGE][INFO] - [SELF-HEALING] Failed Locator: '//div[@id='authportal-main-section']/div[2]/div/div/div/div'.

06-02-2024T19:51:00 - [MESSAGE][INFO] - [SELF-HEALING] Failed Locator: '//div[2]/div/div[2]/div/div/div/div'.

06-02-2024T19:51:01 - [MESSAGE][INFO] - [SELF-HEALING] Failed Locator: '//div[(text() = 'Mobile number already in use
    
      You indicated you are a new customer, but an account already exists with the mobile number +917779970102
    
  ' or . = 'Mobile number already in use
    
      You indicated you are a new customer, but an account already exists with the mobile number +917779970102
    
  ')]'.

06-02-2024T19:51:01 - [MESSAGE][INFO] - [SELF-HEALING] Failed Locator: '//div[@id='authportal-main-section']/div[2]/div/div/div/div'.

06-02-2024T19:51:01 - [MESSAGE][INFO] - [SELF-HEALING] Failed Locator: '//div[2]/div/div[2]/div/div/div/div'.

06-02-2024T19:51:01 - [MESSAGE][INFO] - [SELF-HEALING] Failed Locator: '//div[(text() = 'Mobile number already in use
    
      You indicated you are a new customer, but an account already exists with the mobile number +917779970102
    
  ' or . = 'Mobile number already in use
    
      You indicated you are a new customer, but an account already exists with the mobile number +917779970102
    
  ')]'.

06-02-2024T19:51:02 - [MESSAGE][INFO] - Unable to find the element located by 'By.xpath: //*[(text() = 'Mobile number already in use
    
      You indicated you are a new customer, but an account already exists with the mobile number +917779970102
    
  ' or . = 'Mobile number already in use
    
      You indicated you are a new customer, but an account already exists with the mobile number +917779970102
    
  ')]'. Please recheck the objects properties to make sure the desired element is located. 

06-02-2024T19:51:03 - [MESSAGE][INFO] - [SELF-HEALING] Screenshot: C:/Users/Devil/git/SI-GuidedProject-705690-1704903143/Reports/Self-healing/Object Repository/account_creation/phone_number_exists001/Page_/div_Mobile number already in use          Y_bd9461_CSS.png

06-02-2024T19:51:03 - [MESSAGE][WARNING] - [SELF-HEALING] The current locator of test object 'Object Repository/account_creation/phone_number_exists001/Page_/div_Mobile number already in use          Y_bd9461' was broken. Propose an alternative one: 'div.a-box.a-alert.a-alert-warning.a-spacing-base > div.a-box-inner.a-alert-container'.

06-02-2024T19:51:03 - [MESSAGE][PASSED] - Object: 'Object Repository/account_creation/phone_number_exists001/Page_/div_Mobile number already in use          Y_bd9461' is clicked on

06-02-2024T19:51:03 - [TEST_STEP][PASSED] - closeBrowser(): Browser is closed

06-02-2024T19:51:03 - [MESSAGE][PASSED] - Browser is closed]]></system-out>
         <system-err><![CDATA[]]></system-err>
      </testcase>
      <system-out><![CDATA[06-02-2024T19:47:43 - [TEST_SUITE][PASSED] - account_creation_errors: Test Cases/account_creation/phone_number_exists001]]></system-out>
      <system-err><![CDATA[]]></system-err>
   </testsuite>
</testsuites>
