<?xml version="1.0" encoding="UTF-8"?>
<testsuites name="setup_and_teardown" time="47.037" tests="1" failures="0" errors="0">
   <testsuite name="setup_and_teardown" tests="1" failures="0" errors="0" time="47.037" skipped="0" timestamp="07-02-2024T15:44:22" hostname="Devil - 192.168.1.3" id="Test Suites/setup_and_teardown001/setup_and_teardown">
      <properties>
         <property name="deviceName" value=""/>
         <property name="devicePlatform" value=""/>
         <property name="logFolder" value="C:\\Users\\Devil\\git\\SI-GuidedProject-705690-1704903143\\Reports\\20240207_154413\\setup_and_teardown001\\setup_and_teardown\\20240207_154413"/>
         <property name="logFiles" value="C:\\Users\\Devil\\git\\SI-GuidedProject-705690-1704903143\\Reports\\20240207_154413\\setup_and_teardown001\\setup_and_teardown\\20240207_154413\\execution0.log"/>
         <property name="attachments" value=""/>
         <property name="hostName" value="Devil - 192.168.1.3"/>
         <property name="os" value="Windows 10 64bit"/>
         <property name="katalonVersion" value="9.2.0.212"/>
         <property name="browser" value="Chrome 121.0.0.0"/>
         <property name="hostAddress" value="192.168.1.3"/>
         <property name="sessionId" value="de9d489a84bdd80add751b393c791403"/>
         <property name="seleniumVersion" value="3.141.59"/>
         <property name="proxyInformation" value="ProxyInformation { proxyOption=NO_PROXY, proxyServerType=HTTP, username=, password=********, proxyServerAddress=, proxyServerPort=0, executionList=&quot;&quot;, isApplyToDesiredCapabilities=true }"/>
         <property name="platform" value="Windows 10"/>
      </properties>
      <testcase name="Test Cases/login/login_normal002" time="46.162" classname="Test Cases/login/login_normal002" status="PASSED">
         <system-out><![CDATA[07-02-2024T15:44:23 - [TEST_CASE][PASSED] - Test Cases/login/login_normal002: Test Cases/login/login_normal002

07-02-2024T15:44:23 - [TEST_STEP][PASSED] - Start listener action : sampleBeforeTestCase: Navigate to 'https://www.amazon.in/' successfully

07-02-2024T15:44:23 - [TEST_STEP][PASSED] - openBrowser(""): Browser is opened with url: ''

07-02-2024T15:44:24 - [MESSAGE][INFO] - Starting 'Chrome' driver

07-02-2024T15:44:24 - [MESSAGE][INFO] - Action delay is set to 0 milliseconds

07-02-2024T15:44:39 - [MESSAGE][PASSED] - Browser is opened with url: ''

07-02-2024T15:44:39 - [TEST_STEP][PASSED] - navigateToUrl("https://www.amazon.in/"): Navigate to 'https://www.amazon.in/' successfully

07-02-2024T15:44:41 - [MESSAGE][PASSED] - Navigate to 'https://www.amazon.in/' successfully

07-02-2024T15:44:41 - [TEST_STEP][PASSED] - Start setup action : setupTestCase: Method 'setupTestCase' complete successfully

07-02-2024T15:44:41 - [MESSAGE][PASSED] - Method 'setupTestCase' complete successfully

07-02-2024T15:44:41 - [TEST_STEP][PASSED] - openBrowser(""): Browser is opened with url: ''

07-02-2024T15:44:41 - [MESSAGE][WARNING] - A browser is already opened. Closing browser and opening a new one

07-02-2024T15:44:42 - [MESSAGE][INFO] - Starting 'Chrome' driver

07-02-2024T15:44:42 - [MESSAGE][INFO] - Action delay is set to 0 milliseconds

07-02-2024T15:44:43 - [MESSAGE][PASSED] - Browser is opened with url: ''

07-02-2024T15:44:43 - [TEST_STEP][PASSED] - navigateToUrl("https://www.amazon.in/"): Navigate to 'https://www.amazon.in/' successfully

07-02-2024T15:44:48 - [MESSAGE][PASSED] - Navigate to 'https://www.amazon.in/' successfully

07-02-2024T15:44:48 - [TEST_STEP][PASSED] - click(findTestObject("Object Repository/login/login_normal002/Page_Online Shopping site in India Shop Onl_10c5f3/i_hm-icon nav-sprite")): Object: 'Object Repository/login/login_normal002/Page_Online Shopping site in India Shop Onl_10c5f3/i_hm-icon nav-sprite' is clicked on

07-02-2024T15:44:50 - [MESSAGE][PASSED] - Object: 'Object Repository/login/login_normal002/Page_Online Shopping site in India Shop Onl_10c5f3/i_hm-icon nav-sprite' is clicked on

07-02-2024T15:44:50 - [TEST_STEP][PASSED] - click(findTestObject("Object Repository/login/login_normal002/Page_Online Shopping site in India Shop Onl_10c5f3/b_Hello, sign in")): Object: 'Object Repository/login/login_normal002/Page_Online Shopping site in India Shop Onl_10c5f3/b_Hello, sign in' is clicked on

07-02-2024T15:44:52 - [MESSAGE][PASSED] - Object: 'Object Repository/login/login_normal002/Page_Online Shopping site in India Shop Onl_10c5f3/b_Hello, sign in' is clicked on

07-02-2024T15:44:52 - [TEST_STEP][PASSED] - setText(findTestObject("Object Repository/login/login_normal002/Page_Amazon Sign In/input_email"), "7779970102"): Text '7779970102' is set on object 'Object Repository/login/login_normal002/Page_Amazon Sign In/input_email'

07-02-2024T15:44:55 - [MESSAGE][PASSED] - Text '7779970102' is set on object 'Object Repository/login/login_normal002/Page_Amazon Sign In/input_email'

07-02-2024T15:44:55 - [TEST_STEP][PASSED] - click(findTestObject("Object Repository/login/login_normal002/Page_Amazon Sign In/inputcontinue")): Object: 'Object Repository/login/login_normal002/Page_Amazon Sign In/inputcontinue' is clicked on

07-02-2024T15:44:57 - [MESSAGE][PASSED] - Object: 'Object Repository/login/login_normal002/Page_Amazon Sign In/inputcontinue' is clicked on

07-02-2024T15:44:57 - [TEST_STEP][PASSED] - setEncryptedText(findTestObject("Object Repository/login/login_normal002/Page_Amazon Sign In/input_password"), "eSPcD+aU0jcqZChrJx5wLA=="): Text ****** has been set on object 'Object Repository/login/login_normal002/Page_Amazon Sign In/input_password'

07-02-2024T15:44:58 - [MESSAGE][PASSED] - Text ****** has been set on object 'Object Repository/login/login_normal002/Page_Amazon Sign In/input_password'

07-02-2024T15:44:58 - [TEST_STEP][PASSED] - click(findTestObject("Object Repository/login/login_normal002/Page_Amazon Sign In/inputsignInSubmit")): Object: 'Object Repository/login/login_normal002/Page_Amazon Sign In/inputsignInSubmit' is clicked on

07-02-2024T15:44:58 - [MESSAGE][PASSED] - Object: 'Object Repository/login/login_normal002/Page_Amazon Sign In/inputsignInSubmit' is clicked on

07-02-2024T15:44:58 - [TEST_STEP][PASSED] - click(findTestObject("Object Repository/login/login_normal002/Page_Online Shopping site in India Shop Onl_10c5f3/i_hm-icon nav-sprite")): Object: 'Object Repository/login/login_normal002/Page_Online Shopping site in India Shop Onl_10c5f3/i_hm-icon nav-sprite' is clicked on

07-02-2024T15:45:04 - [MESSAGE][PASSED] - Object: 'Object Repository/login/login_normal002/Page_Online Shopping site in India Shop Onl_10c5f3/i_hm-icon nav-sprite' is clicked on

07-02-2024T15:45:04 - [TEST_STEP][PASSED] - click(findTestObject("Object Repository/login/login_normal002/Page_Online Shopping site in India Shop Onl_10c5f3/div_Help  Settings")): Object: 'Object Repository/login/login_normal002/Page_Online Shopping site in India Shop Onl_10c5f3/div_Help  Settings' is clicked on

07-02-2024T15:45:06 - [MESSAGE][PASSED] - Object: 'Object Repository/login/login_normal002/Page_Online Shopping site in India Shop Onl_10c5f3/div_Help  Settings' is clicked on

07-02-2024T15:45:06 - [TEST_STEP][PASSED] - verifyElementText(findTestObject("Object Repository/login/login_normal002/Page_Online Shopping site in India Shop Onl_10c5f3/div_Help  Settings"), "Help & Settings"): Actual text and expected text of test object 'Object Repository/login/login_normal002/Page_Online Shopping site in India Shop Onl_10c5f3/div_Help  Settings' are matched.

07-02-2024T15:45:06 - [MESSAGE][PASSED] - Actual text and expected text of test object 'Object Repository/login/login_normal002/Page_Online Shopping site in India Shop Onl_10c5f3/div_Help  Settings' are matched.

07-02-2024T15:45:06 - [TEST_STEP][PASSED] - click(findTestObject("Object Repository/login/login_normal002/Page_Online Shopping site in India Shop Onl_10c5f3/a_Sign Out")): Object: 'Object Repository/login/login_normal002/Page_Online Shopping site in India Shop Onl_10c5f3/a_Sign Out' is clicked on

07-02-2024T15:45:09 - [MESSAGE][PASSED] - Object: 'Object Repository/login/login_normal002/Page_Online Shopping site in India Shop Onl_10c5f3/a_Sign Out' is clicked on

07-02-2024T15:45:09 - [TEST_STEP][PASSED] - closeBrowser(): Browser is closed

07-02-2024T15:45:09 - [MESSAGE][PASSED] - Browser is closed

07-02-2024T15:45:09 - [TEST_STEP][PASSED] - Start tear down : tearDownTestCase: Method 'tearDownTestCase' complete successfully

07-02-2024T15:45:09 - [MESSAGE][PASSED] - Method 'tearDownTestCase' complete successfully

07-02-2024T15:45:09 - [TEST_STEP][PASSED] - Start listener action : sampleAfterTestCase: Browser is closed

07-02-2024T15:45:09 - [TEST_STEP][PASSED] - closeBrowser(): Browser is closed

07-02-2024T15:45:09 - [MESSAGE][PASSED] - Browser is closed]]></system-out>
         <system-err><![CDATA[]]></system-err>
      </testcase>
      <system-out><![CDATA[07-02-2024T15:44:22 - [TEST_SUITE][PASSED] - setup_and_teardown: Test Cases/login/login_normal002]]></system-out>
      <system-err><![CDATA[]]></system-err>
   </testsuite>
</testsuites>
